<?xml version="1.0" encoding="UTF-8"?>
<testng-results ignored="0" total="2" passed="2" failed="0" skipped="0">
  <reporter-output>
  </reporter-output>
  <suite started-at="2024-01-08T19:10:52 IST" name="Default suite" finished-at="2024-01-08T19:11:38 IST" duration-ms="46264">
    <groups>
    </groups>
    <test started-at="2024-01-08T19:10:52 IST" name="Default test" finished-at="2024-01-08T19:11:38 IST" duration-ms="46264">
      <class name="TestPages.Homepagetest">
        <test-method is-config="true" signature="InitalizeExtentReport()[pri:0, instance:TestPages.Homepagetest@563f38c4]" started-at="2024-01-08T19:10:52 IST" name="InitalizeExtentReport" finished-at="2024-01-08T19:10:52 IST" duration-ms="299" status="PASS">
          <reporter-output>
          </reporter-output>
        </test-method> <!-- InitalizeExtentReport -->
        <test-method is-config="true" signature="getnameMethod(org.testng.ITestContext)[pri:0, instance:TestPages.Homepagetest@563f38c4]" started-at="2024-01-08T19:10:52 IST" name="getnameMethod" finished-at="2024-01-08T19:10:52 IST" duration-ms="12" status="PASS">
          <params>
            <param index="0">
              <value>
                <![CDATA[org.testng.TestRunner@4110765e]]>
              </value>
            </param>
          </params>
          <reporter-output>
          </reporter-output>
        </test-method> <!-- getnameMethod -->
        <test-method is-config="true" signature="OpenApp()[pri:0, instance:TestPages.Homepagetest@563f38c4]" started-at="2024-01-08T19:10:52 IST" name="OpenApp" finished-at="2024-01-08T19:11:09 IST" duration-ms="16885" status="PASS">
          <reporter-output>
          </reporter-output>
        </test-method> <!-- OpenApp -->
        <test-method signature="clickOnRegisterPage()[pri:49, instance:TestPages.Homepagetest@563f38c4]" started-at="2024-01-08T19:11:09 IST" name="clickOnRegisterPage" finished-at="2024-01-08T19:11:14 IST" duration-ms="4965" status="PASS">
          <reporter-output>
          </reporter-output>
        </test-method> <!-- clickOnRegisterPage -->
        <test-method signature="clickOnLogin()[pri:50, instance:TestPages.Homepagetest@563f38c4]" started-at="2024-01-08T19:11:14 IST" name="clickOnLogin" finished-at="2024-01-08T19:11:19 IST" duration-ms="4974" status="PASS">
          <reporter-output>
          </reporter-output>
        </test-method> <!-- clickOnLogin -->
        <test-method is-config="true" signature="generateTestStatus(java.lang.reflect.Method,org.testng.ITestResult)[pri:0, instance:TestPages.Homepagetest@563f38c4]" started-at="2024-01-08T19:11:14 IST" name="generateTestStatus" finished-at="2024-01-08T19:11:14 IST" duration-ms="0" status="PASS">
          <params>
            <param index="0">
              <value>
                <![CDATA[public void TestPages.Homepagetest.clickOnRegisterPage() throws java.lang.InterruptedException]]>
              </value>
            </param>
            <param index="1">
              <value>
                <![CDATA[[TestResult name=clickOnRegisterPage status=SUCCESS method=Homepagetest.clickOnRegisterPage()[pri:49, instance:TestPages.Homepagetest@563f38c4] output={null}]]]>
              </value>
            </param>
          </params>
          <reporter-output>
          </reporter-output>
        </test-method> <!-- generateTestStatus -->
        <test-method is-config="true" signature="generateTestStatus(java.lang.reflect.Method,org.testng.ITestResult)[pri:0, instance:TestPages.Homepagetest@563f38c4]" started-at="2024-01-08T19:11:19 IST" name="generateTestStatus" finished-at="2024-01-08T19:11:19 IST" duration-ms="1" status="PASS">
          <params>
            <param index="0">
              <value>
                <![CDATA[public void TestPages.Homepagetest.clickOnLogin() throws java.lang.InterruptedException]]>
              </value>
            </param>
            <param index="1">
              <value>
                <![CDATA[[TestResult name=clickOnLogin status=SUCCESS method=Homepagetest.clickOnLogin()[pri:50, instance:TestPages.Homepagetest@563f38c4] output={null}]]]>
              </value>
            </param>
          </params>
          <reporter-output>
          </reporter-output>
        </test-method> <!-- generateTestStatus -->
        <test-method is-config="true" signature="CloseApp()[pri:0, instance:TestPages.Homepagetest@563f38c4]" started-at="2024-01-08T19:11:19 IST" name="CloseApp" finished-at="2024-01-08T19:11:38 IST" duration-ms="19396" status="PASS">
          <reporter-output>
          </reporter-output>
        </test-method> <!-- CloseApp -->
        <test-method is-config="true" signature="generateReports()[pri:0, instance:TestPages.Homepagetest@563f38c4]" started-at="2024-01-08T19:11:38 IST" name="generateReports" finished-at="2024-01-08T19:11:56 IST" duration-ms="17227" status="PASS">
          <reporter-output>
          </reporter-output>
        </test-method> <!-- generateReports -->
      </class> <!-- TestPages.Homepagetest -->
    </test> <!-- Default test -->
  </suite> <!-- Default suite -->
</testng-results>
